Triticum aestivum@id=Triticum aestivum
T. aestivum@id=T. aestivum
T. aestivum L.@id=T. aestivum L.

Avalon cultivar@id=Avalon cultivar
Alamo cultivar@id=Alamo cultivar
Alexandria cultivar@id=Alexandria cultivar
Gaillard cultivar@id=Gaillard cultivar
Flanders cultivar@id=Flanders cultivar
Shamane cultivar@id=Shamane cultivar
Mercia cultivar@id=Mercia cultivar
Boxer cultivar@id=Boxer cultivar
Slejpner cultivar@id=Slejpner cultivar
Hornet cultivar@id=Hornet cultivar
Apollo cultivar@id=Apollo cultivar
Donatus cultivar@id=Donatus cultivar
Trimaran cultivar@id=Trimaran cultivar
Modus cultivar@id=Modus cultivar
Capelle Desprez cultivar@id=Capelle Desprez cultivar

Hordeum vulgare@id=Hordeum vulgare
hordeum@id=hordeum
Hordeum vulgare L.@id=Hordeum vulgare L.